Sun 14 Aug 2022 05:47:08 PM UTC: 
 exercises.c | 12 +++++++++---
 1 file changed, 9 insertions(+), 3 deletions(-)
In file included from test.c:5:
exercises.c: In function ‘crearPersona’:
exercises.c:61:4: error: array subscript ‘Persona[0]’ is partly outside array bounds of ‘unsigned char[8]’ [-Werror=array-bounds]
   61 |   p->edad=edad;
      |    ^~
exercises.c:58:24: note: referencing an object of size 8 allocated by ‘malloc’
   58 |   Persona* p=(Persona*)malloc(sizeof(Persona*));
      |                        ^~~~~~~~~~~~~~~~~~~~~~~~
In file included from /nix/store/dwsi3wsqpqm0hpzdm9fsxc7q732p9xwi-glibc-2.34-210-dev/include/string.h:519,
                 from test.c:3:
In function ‘strcpy’,
    inlined from ‘crearPersona’ at exercises.c:60:3:
/nix/store/dwsi3wsqpqm0hpzdm9fsxc7q732p9xwi-glibc-2.34-210-dev/include/bits/string_fortified.h:79:10: error: ‘__builtin___strcpy_chk’ offset 30 is out of the bounds [0, 8] [-Werror=array-bounds]
   79 |   return __builtin___strcpy_chk (__dest, __src, __glibc_objsize (__dest));
      |          ^~~~~~~~~~~~~~~~~~~~~~~~~~~~~~~~~~~~~~~~~~~~~~~~~~~~~~~~~~~~~~~~
cc1: all warnings being treated as errors
Compilation failed
1304355
Sun 14 Aug 2022 05:48:11 PM UTC: 
In file included from test.c:5:
exercises.c: In function ‘crearPersona’:
exercises.c:61:4: error: array subscript ‘Persona[0]’ is partly outside array bounds of ‘unsigned char[8]’ [-Werror=array-bounds]
   61 |   p->edad=edad;
      |    ^~
exercises.c:58:24: note: referencing an object of size 8 allocated by ‘malloc’
   58 |   Persona* p=(Persona*)malloc(sizeof(Persona*));
      |                        ^~~~~~~~~~~~~~~~~~~~~~~~
In file included from /nix/store/dwsi3wsqpqm0hpzdm9fsxc7q732p9xwi-glibc-2.34-210-dev/include/string.h:519,
                 from test.c:3:
In function ‘strcpy’,
    inlined from ‘crearPersona’ at exercises.c:60:3:
/nix/store/dwsi3wsqpqm0hpzdm9fsxc7q732p9xwi-glibc-2.34-210-dev/include/bits/string_fortified.h:79:10: error: ‘__builtin___strcpy_chk’ offset 30 is out of the bounds [0, 8] [-Werror=array-bounds]
   79 |   return __builtin___strcpy_chk (__dest, __src, __glibc_objsize (__dest));
      |          ^~~~~~~~~~~~~~~~~~~~~~~~~~~~~~~~~~~~~~~~~~~~~~~~~~~~~~~~~~~~~~~~
cc1: all warnings being treated as errors
Compilation failed
4329b31
Sun 14 Aug 2022 05:48:37 PM UTC: 
In file included from test.c:5:
exercises.c: In function ‘crearPersona’:
exercises.c:61:4: error: array subscript ‘Persona[0]’ is partly outside array bounds of ‘unsigned char[8]’ [-Werror=array-bounds]
   61 |   p->edad=edad;
      |    ^~
exercises.c:58:24: note: referencing an object of size 8 allocated by ‘malloc’
   58 |   Persona* p=(Persona*)malloc(sizeof(Persona*));
      |                        ^~~~~~~~~~~~~~~~~~~~~~~~
In file included from /nix/store/dwsi3wsqpqm0hpzdm9fsxc7q732p9xwi-glibc-2.34-210-dev/include/string.h:519,
                 from test.c:3:
In function ‘strcpy’,
    inlined from ‘crearPersona’ at exercises.c:60:3:
/nix/store/dwsi3wsqpqm0hpzdm9fsxc7q732p9xwi-glibc-2.34-210-dev/include/bits/string_fortified.h:79:10: error: ‘__builtin___strcpy_chk’ offset 30 is out of the bounds [0, 8] [-Werror=array-bounds]
   79 |   return __builtin___strcpy_chk (__dest, __src, __glibc_objsize (__dest));
      |          ^~~~~~~~~~~~~~~~~~~~~~~~~~~~~~~~~~~~~~~~~~~~~~~~~~~~~~~~~~~~~~~~
cc1: all warnings being treated as errors
Compilation failed
905e768
Sun 14 Aug 2022 06:10:06 PM UTC: 
In file included from test.c:5:
exercises.c: In function ‘crearPersona’:
exercises.c:61:4: error: array subscript ‘Persona[0]’ is partly outside array bounds of ‘unsigned char[8]’ [-Werror=array-bounds]
   61 |   p->edad=edad;
      |    ^~
exercises.c:58:24: note: referencing an object of size 8 allocated by ‘malloc’
   58 |   Persona* p=(Persona*)malloc(sizeof(Persona*));
      |                        ^~~~~~~~~~~~~~~~~~~~~~~~
In file included from /nix/store/dwsi3wsqpqm0hpzdm9fsxc7q732p9xwi-glibc-2.34-210-dev/include/string.h:519,
                 from test.c:3:
In function ‘strcpy’,
    inlined from ‘crearPersona’ at exercises.c:60:3:
/nix/store/dwsi3wsqpqm0hpzdm9fsxc7q732p9xwi-glibc-2.34-210-dev/include/bits/string_fortified.h:79:10: error: ‘__builtin___strcpy_chk’ offset 30 is out of the bounds [0, 8] [-Werror=array-bounds]
   79 |   return __builtin___strcpy_chk (__dest, __src, __glibc_objsize (__dest));
      |          ^~~~~~~~~~~~~~~~~~~~~~~~~~~~~~~~~~~~~~~~~~~~~~~~~~~~~~~~~~~~~~~~
cc1: all warnings being treated as errors
Compilation failed
a94a8ba
Sun 14 Aug 2022 06:13:12 PM UTC: 
 exercises.c | 2 +-
 1 file changed, 1 insertion(+), 1 deletion(-)
 tests:  3|4
total_score: 30/70
41bbd9d
Sun 14 Aug 2022 06:19:58 PM UTC: 
 exercises.c | 6 +++++-
 1 file changed, 5 insertions(+), 1 deletion(-)
 tests:  4|3
total_score: 40/70
bdbc503
Sun 14 Aug 2022 06:22:31 PM UTC: 
 exercises.c | 3 ++-
 1 file changed, 2 insertions(+), 1 deletion(-)
In file included from test.c:5:
exercises.c: In function ‘asignarValor’:
exercises.c:94:7: error: ‘i’ redeclared as different kind of symbol
   94 |   int i;
      |       ^
exercises.c:93:35: note: previous definition of ‘i’ with type ‘int’
   93 | void asignarValor(Vector * v, int i, int valor) {
      |                               ~~~~^
exercises.c:95:13: error: expected expression before ‘)’ token
   95 |   for(i=0;i<)
      |             ^
exercises.c:96:1: error: expected expression before ‘}’ token
   96 | }
      | ^
Compilation failed
204c501
Sun 14 Aug 2022 06:23:17 PM UTC: 
 exercises.c | 3 +--
 1 file changed, 1 insertion(+), 2 deletions(-)
In file included from test.c:5:
exercises.c: In function ‘asignarValor’:
exercises.c:94:3: error: invalid type argument of unary ‘*’ (have ‘Vector’)
   94 |   *v[i]=valor;
      |   ^~~~~
Compilation failed
0529395
Sun 14 Aug 2022 06:23:26 PM UTC: 
 exercises.c | 2 +-
 1 file changed, 1 insertion(+), 1 deletion(-)
In file included from test.c:5:
exercises.c: In function ‘asignarValor’:
exercises.c:94:8: error: incompatible types when assigning to type ‘Vector’ from type ‘int’
   94 |   v[i]=valor;
      |        ^~~~~
Compilation failed
5537b08
Sun 14 Aug 2022 06:24:31 PM UTC: 
 exercises.c | 2 +-
 1 file changed, 1 insertion(+), 1 deletion(-)
In file included from test.c:5:
exercises.c: In function ‘asignarValor’:
exercises.c:94:7: error: invalid type argument of ‘->’ (have ‘Vector’)
   94 |   v[i]->valor;
      |       ^~
Compilation failed
c8a1e45
Sun 14 Aug 2022 06:26:13 PM UTC: 
 exercises.c | 2 +-
 1 file changed, 1 insertion(+), 1 deletion(-)
In file included from test.c:5:
exercises.c: In function ‘asignarValor’:
exercises.c:94:8: error: expected expression before ‘{’ token
   94 |   v[i]={valor};
      |        ^
Compilation failed
1536484
Sun 14 Aug 2022 06:26:44 PM UTC: 
 exercises.c | 2 +-
 1 file changed, 1 insertion(+), 1 deletion(-)
In file included from test.c:5:
exercises.c: In function ‘asignarValor’:
exercises.c:94:8: error: expected expression before ‘[’ token
   94 |   v[i]=[valor];
      |        ^
Compilation failed
880256d
